0 info it worked if it ends with ok
1 verbose cli [ '/usr/bin/nodejs', '/usr/bin/npm', 'publish' ]
2 info using npm@3.10.3
3 info using node@v6.6.0
4 verbose publish [ '.' ]
5 silly cache add args [ '.', null ]
6 verbose cache add spec .
7 silly cache add parsed spec Result {
7 silly cache add   raw: '.',
7 silly cache add   scope: null,
7 silly cache add   escapedName: null,
7 silly cache add   name: null,
7 silly cache add   rawSpec: '.',
7 silly cache add   spec: '/home/baris/Desktop/hello',
7 silly cache add   type: 'directory' }
8 verbose addLocalDirectory /home/baris/.npm/h3ll00/1.0.1/package.tgz not in flight; packing
9 verbose correctMkdir /home/baris/.npm correctMkdir not in flight; initializing
10 info lifecycle h3ll00@1.0.1~prepublish: h3ll00@1.0.1
11 silly lifecycle h3ll00@1.0.1~prepublish: no script for prepublish, continuing
12 verbose tar pack [ '/home/baris/.npm/h3ll00/1.0.1/package.tgz',
12 verbose tar pack   '/home/baris/Desktop/hello' ]
13 verbose tarball /home/baris/.npm/h3ll00/1.0.1/package.tgz
14 verbose folder /home/baris/Desktop/hello
15 verbose addLocalTarball adding from inside cache /home/baris/.npm/h3ll00/1.0.1/package.tgz
16 verbose correctMkdir /home/baris/.npm correctMkdir not in flight; initializing
17 silly cache afterAdd h3ll00@1.0.1
18 verbose afterAdd /home/baris/.npm/h3ll00/1.0.1/package/package.json not in flight; writing
19 verbose correctMkdir /home/baris/.npm correctMkdir not in flight; initializing
20 verbose afterAdd /home/baris/.npm/h3ll00/1.0.1/package/package.json written
21 silly publish { name: 'h3ll00',
21 silly publish   version: '1.0.1',
21 silly publish   description: 'Hello world from Barış Esen',
21 silly publish   main: 'index.js',
21 silly publish   dependencies: { commander: '^2.9.0' },
21 silly publish   devDependencies: {},
21 silly publish   scripts: { test: 'echo "Error: no test specified" && exit 1' },
21 silly publish   repository:
21 silly publish    { type: 'git',
21 silly publish      url: 'git+ssh://git@github.com/barisesen/h3ll00.git' },
21 silly publish   keywords: [ 'hello', 'barış' ],
21 silly publish   author: { name: 'Barış Esen' },
21 silly publish   license: 'ISC',
21 silly publish   bugs: { url: 'https://github.com/barisesen/h3ll00/issues' },
21 silly publish   homepage: 'https://github.com/barisesen/h3ll00#readme',
21 silly publish   gitHead: 'dff9cc8b7994fd8978b302217e45bd9cae6c62f2',
21 silly publish   readme: 'ERROR: No README data found!',
21 silly publish   _id: 'h3ll00@1.0.1',
21 silly publish   _shasum: 'a170eacf0a5c026391234143b396caeaa66c4b3c',
21 silly publish   _from: '.' }
22 verbose getPublishConfig undefined
23 silly mapToRegistry name h3ll00
24 silly mapToRegistry using default registry
25 silly mapToRegistry registry https://registry.npmjs.org/
26 silly mapToRegistry data Result {
26 silly mapToRegistry   raw: 'h3ll00',
26 silly mapToRegistry   scope: null,
26 silly mapToRegistry   escapedName: 'h3ll00',
26 silly mapToRegistry   name: 'h3ll00',
26 silly mapToRegistry   rawSpec: '',
26 silly mapToRegistry   spec: 'latest',
26 silly mapToRegistry   type: 'tag' }
27 silly mapToRegistry uri https://registry.npmjs.org/h3ll00
28 verbose publish registryBase https://registry.npmjs.org/
29 silly publish uploading /home/baris/.npm/h3ll00/1.0.1/package.tgz
30 verbose request uri https://registry.npmjs.org/h3ll00
31 verbose request sending authorization for write operation
32 info attempt registry request try #1 at 6:07:19 AM
33 verbose request using bearer token for auth
34 verbose request id d037458fef7c6e02
35 http request PUT https://registry.npmjs.org/h3ll00
36 http 403 https://registry.npmjs.org/h3ll00
37 verbose headers { 'content-type': 'application/json',
37 verbose headers   'cache-control': 'max-age=300',
37 verbose headers   'content-length': '128',
37 verbose headers   'accept-ranges': 'bytes',
37 verbose headers   date: 'Fri, 23 Sep 2016 03:07:24 GMT',
37 verbose headers   via: '1.1 varnish',
37 verbose headers   connection: 'keep-alive',
37 verbose headers   'x-served-by': 'cache-fra1223-FRA',
37 verbose headers   'x-cache': 'MISS',
37 verbose headers   'x-cache-hits': '0',
37 verbose headers   'x-timer': 'S1474600043.142567,VS0,VE957',
37 verbose headers   vary: 'Accept-Encoding' }
38 verbose request invalidating /home/baris/.npm/registry.npmjs.org/h3ll00 on PUT
39 error publish Failed PUT 403
40 verbose stack Error: "You cannot publish over the previously published version 1.0.1. Try bumping the version to 2.0.0" : h3ll00
40 verbose stack     at makeError (/usr/lib/node_modules/npm/node_modules/npm-registry-client/lib/request.js:264:12)
40 verbose stack     at CachingRegistryClient.<anonymous> (/usr/lib/node_modules/npm/node_modules/npm-registry-client/lib/request.js:252:14)
40 verbose stack     at Request._callback (/usr/lib/node_modules/npm/node_modules/npm-registry-client/lib/request.js:172:14)
40 verbose stack     at Request.self.callback (/usr/lib/node_modules/npm/node_modules/request/request.js:200:22)
40 verbose stack     at emitTwo (events.js:106:13)
40 verbose stack     at Request.emit (events.js:191:7)
40 verbose stack     at Request.<anonymous> (/usr/lib/node_modules/npm/node_modules/request/request.js:1067:10)
40 verbose stack     at emitOne (events.js:101:20)
40 verbose stack     at Request.emit (events.js:188:7)
40 verbose stack     at IncomingMessage.<anonymous> (/usr/lib/node_modules/npm/node_modules/request/request.js:988:12)
41 verbose statusCode 403
42 verbose pkgid h3ll00
43 verbose cwd /home/baris/Desktop/hello
44 error Linux 4.4.0-38-generic
45 error argv "/usr/bin/nodejs" "/usr/bin/npm" "publish"
46 error node v6.6.0
47 error npm  v3.10.3
48 error code E403
49 error "You cannot publish over the previously published version 1.0.1. Try bumping the version to 2.0.0" : h3ll00
50 error If you need help, you may report this error at:
50 error     <https://github.com/npm/npm/issues>
51 verbose exit [ 1, true ]
